app/build/intermediates/manifest_merge_blame_file/debug/processDebugMainManifest/manifest-merger-blame-debug-report.txt
1<?xml version="1.0" encoding="utf-8"?>
2<manifest xmlns:android="http://schemas.android.com/apk/res/android"
3    package="com.navipark.app"
4    android:versionCode="1"
5    android:versionName="1.0" >
6
7    <uses-sdk
8        android:minSdkVersion="24"
9        android:targetSdkVersion="34" />
10
11    <uses-permission android:name="android.permission.POST_NOTIFICATIONS" />
11-->src\main\AndroidManifest.xml:4:5-77
11-->src\main\AndroidManifest.xml:4:22-74
12    <uses-permission android:name="android.permission.SCHEDULE_EXACT_ALARM" />
12-->src\main\AndroidManifest.xml:5:5-79
12-->src\main\AndroidManifest.xml:5:22-76
13    <uses-permission android:name="android.permission.INTERNET" />
13-->src\main\AndroidManifest.xml:6:5-67
13-->src\main\AndroidManifest.xml:6:22-64
14
15    <permission
15-->[androidx.core:core:1.9.0] AndroidManifest.xml:22:5-24:47
16        android:name="com.navipark.app.DYNAMIC_RECEIVER_NOT_EXPORTED_PERMISSION"
16-->[androidx.core:core:1.9.0] AndroidManifest.xml:23:9-81
17        android:protectionLevel="signature" />
17-->[androidx.core:core:1.9.0] AndroidManifest.xml:24:9-44
18
19    <uses-permission android:name="com.navipark.app.DYNAMIC_RECEIVER_NOT_EXPORTED_PERMISSION" />
19-->[androidx.core:core:1.9.0] AndroidManifest.xml:26:5-97
19-->[androidx.core:core:1.9.0] AndroidManifest.xml:26:22-94
20
21    <application
21-->src\main\AndroidManifest.xml:8:5-39:19
22        android:allowBackup="true"
22-->src\main\AndroidManifest.xml:9:9-35
23        android:appComponentFactory="androidx.core.app.CoreComponentFactory"
23-->[androidx.core:core:1.9.0] AndroidManifest.xml:28:18-86
24        android:debuggable="true"
25        android:extractNativeLibs="false"
26        android:icon="@android:drawable/sym_def_app_icon"
26-->src\main\AndroidManifest.xml:10:9-58
27        android:label="@string/app_name"
27-->src\main\AndroidManifest.xml:11:9-41
28        android:roundIcon="@android:drawable/sym_def_app_icon"
28-->src\main\AndroidManifest.xml:12:9-63
29        android:supportsRtl="true"
29-->src\main\AndroidManifest.xml:13:9-35
30        android:theme="@style/Theme.NaviPark" >
30-->src\main\AndroidManifest.xml:14:9-46
31        <activity
31-->src\main\AndroidManifest.xml:16:9-23:20
32            android:name="com.navipark.app.MainActivity"
32-->src\main\AndroidManifest.xml:17:13-41
33            android:exported="true" >
33-->src\main\AndroidManifest.xml:18:13-36
34            <intent-filter>
34-->src\main\AndroidManifest.xml:19:13-22:29
35                <action android:name="android.intent.action.MAIN" />
35-->src\main\AndroidManifest.xml:20:17-69
35-->src\main\AndroidManifest.xml:20:25-66
36
37                <category android:name="android.intent.category.LAUNCHER" />
37-->src\main\AndroidManifest.xml:21:17-77
37-->src\main\AndroidManifest.xml:21:27-74
38            </intent-filter>
39        </activity>
40        <activity
40-->src\main\AndroidManifest.xml:25:9-76
41            android:name="com.navipark.app.LoginActivity"
41-->src\main\AndroidManifest.xml:25:19-48
42            android:exported="false" />
42-->src\main\AndroidManifest.xml:25:49-73
43        <activity
43-->src\main\AndroidManifest.xml:26:9-81
44            android:name="com.navipark.app.ExtendTimeActivity"
44-->src\main\AndroidManifest.xml:26:19-53
45            android:exported="false" />
45-->src\main\AndroidManifest.xml:26:54-78
46        <activity
46-->src\main\AndroidManifest.xml:27:9-78
47            android:name="com.navipark.app.ProfileActivity"
47-->src\main\AndroidManifest.xml:27:19-50
48            android:exported="false" />
48-->src\main\AndroidManifest.xml:27:51-75
49        <activity
49-->src\main\AndroidManifest.xml:28:9-77
50            android:name="com.navipark.app.MyCarsActivity"
50-->src\main\AndroidManifest.xml:28:19-49
51            android:exported="false" />
51-->src\main\AndroidManifest.xml:28:50-74
52        <activity
52-->src\main\AndroidManifest.xml:29:9-88
53            android:name="com.navipark.app.OnboardingProfileActivity"
53-->src\main\AndroidManifest.xml:29:19-60
54            android:exported="false" />
54-->src\main\AndroidManifest.xml:29:61-85
55        <activity
55-->src\main\AndroidManifest.xml:30:9-84
56            android:name="com.navipark.app.OnboardingCarActivity"
56-->src\main\AndroidManifest.xml:30:19-56
57            android:exported="false" />
57-->src\main\AndroidManifest.xml:30:57-81
58        <activity
58-->src\main\AndroidManifest.xml:31:9-75
59            android:name="com.navipark.app.ParkActivity"
59-->src\main\AndroidManifest.xml:31:19-47
60            android:exported="false" />
60-->src\main\AndroidManifest.xml:31:48-72
61
62        <receiver
62-->src\main\AndroidManifest.xml:32:9-83
63            android:name="com.navipark.app.NotificationReceiver"
63-->src\main\AndroidManifest.xml:32:19-55
64            android:exported="false" />
64-->src\main\AndroidManifest.xml:32:56-80
65
66        <activity
66-->src\main\AndroidManifest.xml:33:9-75
67            android:name="com.navipark.app.HomeActivity"
67-->src\main\AndroidManifest.xml:33:19-47
68            android:exported="false" />
68-->src\main\AndroidManifest.xml:33:48-72
69        <activity
69-->src\main\AndroidManifest.xml:34:9-78
70            android:name="com.navipark.app.BookingActivity"
70-->src\main\AndroidManifest.xml:34:19-50
71            android:exported="false" />
71-->src\main\AndroidManifest.xml:34:51-75
72        <activity
72-->src\main\AndroidManifest.xml:35:9-78
73            android:name="com.navipark.app.PaymentActivity"
73-->src\main\AndroidManifest.xml:35:19-50
74            android:exported="false" />
74-->src\main\AndroidManifest.xml:35:51-75
75        <activity
75-->src\main\AndroidManifest.xml:36:9-84
76            android:name="com.navipark.app.SpotSelectionActivity"
76-->src\main\AndroidManifest.xml:36:19-56
77            android:exported="false" />
77-->src\main\AndroidManifest.xml:36:57-81
78        <activity
78-->src\main\AndroidManifest.xml:37:9-90
79            android:name="com.navipark.app.BookingConfirmationActivity"
79-->src\main\AndroidManifest.xml:37:19-62
80            android:exported="false" />
80-->src\main\AndroidManifest.xml:37:63-87
81
82        <provider
82-->[androidx.emoji2:emoji2:1.2.0] AndroidManifest.xml:24:9-32:20
83            android:name="androidx.startup.InitializationProvider"
83-->[androidx.emoji2:emoji2:1.2.0] AndroidManifest.xml:25:13-67
84            android:authorities="com.navipark.app.androidx-startup"
84-->[androidx.emoji2:emoji2:1.2.0] AndroidManifest.xml:26:13-68
85            android:exported="false" >
85-->[androidx.emoji2:emoji2:1.2.0] AndroidManifest.xml:27:13-37
86            <meta-data
86-->[androidx.emoji2:emoji2:1.2.0] AndroidManifest.xml:29:13-31:52
87                android:name="androidx.emoji2.text.EmojiCompatInitializer"
87-->[androidx.emoji2:emoji2:1.2.0] AndroidManifest.xml:30:17-75
88                android:value="androidx.startup" />
88-->[androidx.emoji2:emoji2:1.2.0] AndroidManifest.xml:31:17-49
89            <meta-data
89-->[androidx.lifecycle:lifecycle-process:2.6.1] AndroidManifest.xml:29:13-31:52
90                android:name="androidx.lifecycle.ProcessLifecycleInitializer"
90-->[androidx.lifecycle:lifecycle-process:2.6.1] AndroidManifest.xml:30:17-78
91                android:value="androidx.startup" />
91-->[androidx.lifecycle:lifecycle-process:2.6.1] AndroidManifest.xml:31:17-49
92            <meta-data
92-->[androidx.profileinstaller:profileinstaller:1.3.0] AndroidManifest.xml:29:13-31:52
93                android:name="androidx.profileinstaller.ProfileInstallerInitializer"
93-->[androidx.profileinstaller:profileinstaller:1.3.0] AndroidManifest.xml:30:17-85
94                android:value="androidx.startup" />
94-->[androidx.profileinstaller:profileinstaller:1.3.0] AndroidManifest.xml:31:17-49
95        </provider>
96
97        <receiver
97-->[androidx.profileinstaller:profileinstaller:1.3.0] AndroidManifest.xml:34:9-52:20
98            android:name="androidx.profileinstaller.ProfileInstallReceiver"
98-->[androidx.profileinstaller:profileinstaller:1.3.0] AndroidManifest.xml:35:13-76
99            android:directBootAware="false"
99-->[androidx.profileinstaller:profileinstaller:1.3.0] AndroidManifest.xml:36:13-44
100            android:enabled="true"
100-->[androidx.profileinstaller:profileinstaller:1.3.0] AndroidManifest.xml:37:13-35
101            android:exported="true"
101-->[androidx.profileinstaller:profileinstaller:1.3.0] AndroidManifest.xml:38:13-36
102            android:permission="android.permission.DUMP" >
102-->[androidx.profileinstaller:profileinstaller:1.3.0] AndroidManifest.xml:39:13-57
103            <intent-filter>
103-->[androidx.profileinstaller:profileinstaller:1.3.0] AndroidManifest.xml:40:13-42:29
104                <action android:name="androidx.profileinstaller.action.INSTALL_PROFILE" />
104-->[androidx.profileinstaller:profileinstaller:1.3.0] AndroidManifest.xml:41:17-91
104-->[androidx.profileinstaller:profileinstaller:1.3.0] AndroidManifest.xml:41:25-88
105            </intent-filter>
106            <intent-filter>
106-->[androidx.profileinstaller:profileinstaller:1.3.0] AndroidManifest.xml:43:13-45:29
107                <action android:name="androidx.profileinstaller.action.SKIP_FILE" />
107-->[androidx.profileinstaller:profileinstaller:1.3.0] AndroidManifest.xml:44:17-85
107-->[androidx.profileinstaller:profileinstaller:1.3.0] AndroidManifest.xml:44:25-82
108            </intent-filter>
109            <intent-filter>
109-->[androidx.profileinstaller:profileinstaller:1.3.0] AndroidManifest.xml:46:13-48:29
110                <action android:name="androidx.profileinstaller.action.SAVE_PROFILE" />
110-->[androidx.profileinstaller:profileinstaller:1.3.0] AndroidManifest.xml:47:17-88
110-->[androidx.profileinstaller:profileinstaller:1.3.0] AndroidManifest.xml:47:25-85
111            </intent-filter>
112            <intent-filter>
112-->[androidx.profileinstaller:profileinstaller:1.3.0] AndroidManifest.xml:49:13-51:29
113                <action android:name="androidx.profileinstaller.action.BENCHMARK_OPERATION" />
113-->[androidx.profileinstaller:profileinstaller:1.3.0] AndroidManifest.xml:50:17-95
113-->[androidx.profileinstaller:profileinstaller:1.3.0] AndroidManifest.xml:50:25-92
114            </intent-filter>
115        </receiver>
116    </application>
117
118</manifest>